# JRE version: Java(TM) SE Runtime Environment (8.0_111-b14) (build 1.8.0_111-b14)
# Java VM: Java HotSpot(TM) 64-Bit Server VM (25.111-b14 mixed mode linux-amd64 compressed oops)
Heap:
 PSYoungGen      total 269312K, used 0K [0x00000000d6f80000, 0x00000000ef200000, 0x0000000100000000)
  eden space 266240K, 0% used [0x00000000d6f80000,0x00000000d6f80000,0x00000000e7380000)
  from space 3072K, 0% used [0x00000000e7380000,0x00000000e7380000,0x00000000e7680000)
  to   space 3072K, 0% used [0x00000000eef00000,0x00000000eef00000,0x00000000ef200000)
 ParOldGen       total 301568K, used 43087K [0x0000000084e00000, 0x0000000097480000, 0x00000000d6f80000)
  object space 301568K, 14% used [0x0000000084e00000,0x0000000087813f58,0x0000000097480000)
 Metaspace       used 13884K, capacity 14142K, committed 14464K, reserved 1062912K
  class space    used 1741K, capacity 1831K, committed 1920K, reserved 1048576K
GC Heap History (10 events):
Event: 5,338 GC heap before
{Heap before GC invocations=16 (full 5):
 PSYoungGen      total 185344K, used 2270K [0x00000000d6f80000, 0x00000000e2880000, 0x0000000100000000)
  eden space 181760K, 1% used [0x00000000d6f80000,0x00000000d7186d80,0x00000000e2100000)
  from space 3584K, 5% used [0x00000000e2480000,0x00000000e24b0cd0,0x00000000e2800000)
  to   space 3584K, 0% used [0x00000000e2100000,0x00000000e2100000,0x00000000e2480000)
 ParOldGen       total 1345024K, used 282158K [0x0000000084e00000, 0x00000000d6f80000, 0x00000000d6f80000)
  object space 1345024K, 20% used [0x0000000084e00000,0x000000009618ba10,0x00000000d6f80000)
 Metaspace       used 13896K, capacity 14160K, committed 14464K, reserved 1062912K
  class space    used 1745K, capacity 1838K, committed 1920K, reserved 1048576K
Event: 5,343 GC heap after
Heap after GC invocations=16 (full 5):
 PSYoungGen      total 185344K, used 96K [0x00000000d6f80000, 0x00000000e7a00000, 0x0000000100000000)
  eden space 181760K, 0% used [0x00000000d6f80000,0x00000000d6f80000,0x00000000e2100000)
  from space 3584K, 2% used [0x00000000e2100000,0x00000000e2118000,0x00000000e2480000)
  to   space 3584K, 0% used [0x00000000e7680000,0x00000000e7680000,0x00000000e7a00000)
 ParOldGen       total 1345024K, used 282267K [0x0000000084e00000, 0x00000000d6f80000, 0x00000000d6f80000)
  object space 1345024K, 20% used [0x0000000084e00000,0x00000000961a6f10,0x00000000d6f80000)
 Metaspace       used 13896K, capacity 14160K, committed 14464K, reserved 1062912K
  class space    used 1745K, capacity 1838K, committed 1920K, reserved 1048576K
}
Event: 5,343 GC heap before
{Heap before GC invocations=17 (full 5):
 PSYoungGen      total 185344K, used 96K [0x00000000d6f80000, 0x00000000e7a00000, 0x0000000100000000)
  eden space 181760K, 0% used [0x00000000d6f80000,0x00000000d6f80000,0x00000000e2100000)
  from space 3584K, 2% used [0x00000000e2100000,0x00000000e2118000,0x00000000e2480000)
  to   space 3584K, 0% used [0x00000000e7680000,0x00000000e7680000,0x00000000e7a00000)
 ParOldGen       total 1345024K, used 282267K [0x0000000084e00000, 0x00000000d6f80000, 0x00000000d6f80000)
  object space 1345024K, 20% used [0x0000000084e00000,0x00000000961a6f10,0x00000000d6f80000)
 Metaspace       used 13896K, capacity 14160K, committed 14464K, reserved 1062912K
  class space    used 1745K, capacity 1838K, committed 1920K, reserved 1048576K
Event: 5,345 GC heap after
Heap after GC invocations=17 (full 5):
 PSYoungGen      total 269824K, used 0K [0x00000000d6f80000, 0x00000000e7f00000, 0x0000000100000000)
  eden space 266240K, 0% used [0x00000000d6f80000,0x00000000d6f80000,0x00000000e7380000)
  from space 3584K, 0% used [0x00000000e7680000,0x00000000e7680000,0x00000000e7a00000)
  to   space 3072K, 0% used [0x00000000e7380000,0x00000000e7380000,0x00000000e7680000)
 ParOldGen       total 1345024K, used 282275K [0x0000000084e00000, 0x00000000d6f80000, 0x00000000d6f80000)
  object space 1345024K, 20% used [0x0000000084e00000,0x00000000961a8f10,0x00000000d6f80000)
 Metaspace       used 13896K, capacity 14160K, committed 14464K, reserved 1062912K
  class space    used 1745K, capacity 1838K, committed 1920K, reserved 1048576K
}
Event: 5,345 GC heap before
{Heap before GC invocations=18 (full 6):
 PSYoungGen      total 269824K, used 0K [0x00000000d6f80000, 0x00000000e7f00000, 0x0000000100000000)
  eden space 266240K, 0% used [0x00000000d6f80000,0x00000000d6f80000,0x00000000e7380000)
  from space 3584K, 0% used [0x00000000e7680000,0x00000000e7680000,0x00000000e7a00000)
  to   space 3072K, 0% used [0x00000000e7380000,0x00000000e7380000,0x00000000e7680000)
 ParOldGen       total 1345024K, used 282275K [0x0000000084e00000, 0x00000000d6f80000, 0x00000000d6f80000)
  object space 1345024K, 20% used [0x0000000084e00000,0x00000000961a8f10,0x00000000d6f80000)
 Metaspace       used 13896K, capacity 14160K, committed 14464K, reserved 1062912K
  class space    used 1745K, capacity 1838K, committed 1920K, reserved 1048576K
Event: 5,361 GC heap after
Heap after GC invocations=18 (full 6):
 PSYoungGen      total 269824K, used 0K [0x00000000d6f80000, 0x00000000e7f00000, 0x0000000100000000)
  eden space 266240K, 0% used [0x00000000d6f80000,0x00000000d6f80000,0x00000000e7380000)
  from space 3584K, 0% used [0x00000000e7680000,0x00000000e7680000,0x00000000e7a00000)
  to   space 3072K, 0% used [0x00000000e7380000,0x00000000e7380000,0x00000000e7680000)
 ParOldGen       total 495104K, used 253455K [0x0000000084e00000, 0x00000000a3180000, 0x00000000d6f80000)
  object space 495104K, 51% used [0x0000000084e00000,0x0000000094583f98,0x00000000a3180000)
 Metaspace       used 13896K, capacity 14160K, committed 14464K, reserved 1062912K
  class space    used 1745K, capacity 1838K, committed 1920K, reserved 1048576K
}
Event: 5,362 GC heap before
{Heap before GC invocations=19 (full 6):
 PSYoungGen      total 269824K, used 0K [0x00000000d6f80000, 0x00000000e7f00000, 0x0000000100000000)
  eden space 266240K, 0% used [0x00000000d6f80000,0x00000000d6f80000,0x00000000e7380000)
  from space 3584K, 0% used [0x00000000e7680000,0x00000000e7680000,0x00000000e7a00000)
  to   space 3072K, 0% used [0x00000000e7380000,0x00000000e7380000,0x00000000e7680000)
 ParOldGen       total 1345024K, used 253455K [0x0000000084e00000, 0x00000000d6f80000, 0x00000000d6f80000)
  object space 1345024K, 18% used [0x0000000084e00000,0x0000000094583f98,0x00000000d6f80000)
 Metaspace       used 13896K, capacity 14160K, committed 14464K, reserved 1062912K
  class space    used 1745K, capacity 1838K, committed 1920K, reserved 1048576K
Event: 5,364 GC heap after
Heap after GC invocations=19 (full 6):
 PSYoungGen      total 269312K, used 0K [0x00000000d6f80000, 0x00000000ef200000, 0x0000000100000000)
  eden space 266240K, 0% used [0x00000000d6f80000,0x00000000d6f80000,0x00000000e7380000)
  from space 3072K, 0% used [0x00000000e7380000,0x00000000e7380000,0x00000000e7680000)
  to   space 3072K, 0% used [0x00000000eef00000,0x00000000eef00000,0x00000000ef200000)
 ParOldGen       total 1345024K, used 253455K [0x0000000084e00000, 0x00000000d6f80000, 0x00000000d6f80000)
  object space 1345024K, 18% used [0x0000000084e00000,0x0000000094583f98,0x00000000d6f80000)
 Metaspace       used 13896K, capacity 14160K, committed 14464K, reserved 1062912K
  class space    used 1745K, capacity 1838K, committed 1920K, reserved 1048576K
}
Event: 5,364 GC heap before
{Heap before GC invocations=20 (full 7):
 PSYoungGen      total 269312K, used 0K [0x00000000d6f80000, 0x00000000ef200000, 0x0000000100000000)
  eden space 266240K, 0% used [0x00000000d6f80000,0x00000000d6f80000,0x00000000e7380000)
  from space 3072K, 0% used [0x00000000e7380000,0x00000000e7380000,0x00000000e7680000)
  to   space 3072K, 0% used [0x00000000eef00000,0x00000000eef00000,0x00000000ef200000)
 ParOldGen       total 1345024K, used 253455K [0x0000000084e00000, 0x00000000d6f80000, 0x00000000d6f80000)
  object space 1345024K, 18% used [0x0000000084e00000,0x0000000094583f98,0x00000000d6f80000)
 Metaspace       used 13896K, capacity 14160K, committed 14464K, reserved 1062912K
  class space    used 1745K, capacity 1838K, committed 1920K, reserved 1048576K
Event: 5,393 GC heap after
Heap after GC invocations=20 (full 7):
 PSYoungGen      total 269312K, used 0K [0x00000000d6f80000, 0x00000000ef200000, 0x0000000100000000)
  eden space 266240K, 0% used [0x00000000d6f80000,0x00000000d6f80000,0x00000000e7380000)
  from space 3072K, 0% used [0x00000000e7380000,0x00000000e7380000,0x00000000e7680000)
  to   space 3072K, 0% used [0x00000000eef00000,0x00000000eef00000,0x00000000ef200000)
 ParOldGen       total 301568K, used 43087K [0x0000000084e00000, 0x0000000097480000, 0x00000000d6f80000)
  object space 301568K, 14% used [0x0000000084e00000,0x0000000087813f58,0x0000000097480000)
 Metaspace       used 13884K, capacity 14142K, committed 14464K, reserved 1062912K
  class space    used 1741K, capacity 1831K, committed 1920K, reserved 1048576K
}

