# JRE version: Java(TM) SE Runtime Environment (8.0_111-b14) (build 1.8.0_111-b14)
# Java VM: Java HotSpot(TM) 64-Bit Server VM (25.111-b14 mixed mode linux-amd64 compressed oops)
Heap:
 PSYoungGen      total 201216K, used 196485K [0x00000000d6f80000, 0x00000000e3b80000, 0x0000000100000000)
  eden space 196608K, 99% used [0x00000000d6f80000,0x00000000e2f61580,0x00000000e2f80000)
  from space 4608K, 0% used [0x00000000e3400000,0x00000000e3400000,0x00000000e3880000)
  to   space 4608K, 0% used [0x00000000e2f80000,0x00000000e2f80000,0x00000000e3400000)
 ParOldGen       total 327680K, used 190038K [0x0000000084e00000, 0x0000000098e00000, 0x00000000d6f80000)
  object space 327680K, 57% used [0x0000000084e00000,0x00000000907958e8,0x0000000098e00000)
 Metaspace       used 14613K, capacity 14836K, committed 15232K, reserved 1062912K
  class space    used 1806K, capacity 1870K, committed 1920K, reserved 1048576K
GC Heap History (10 events):
Event: 6,516 GC heap before
{Heap before GC invocations=5 (full 1):
 PSYoungGen      total 68608K, used 63488K [0x00000000d6f80000, 0x00000000df580000, 0x0000000100000000)
  eden space 63488K, 100% used [0x00000000d6f80000,0x00000000dad80000,0x00000000dad80000)
  from space 5120K, 0% used [0x00000000dad80000,0x00000000dad80000,0x00000000db280000)
  to   space 5120K, 0% used [0x00000000df080000,0x00000000df080000,0x00000000df580000)
 ParOldGen       total 155648K, used 68660K [0x0000000084e00000, 0x000000008e600000, 0x00000000d6f80000)
  object space 155648K, 44% used [0x0000000084e00000,0x000000008910d070,0x000000008e600000)
 Metaspace       used 14602K, capacity 14836K, committed 15232K, reserved 1062912K
  class space    used 1806K, capacity 1870K, committed 1920K, reserved 1048576K
Event: 6,538 GC heap after
Heap after GC invocations=5 (full 1):
 PSYoungGen      total 122880K, used 224K [0x00000000d6f80000, 0x00000000df100000, 0x0000000100000000)
  eden space 122368K, 0% used [0x00000000d6f80000,0x00000000d6f80000,0x00000000de700000)
  from space 512K, 43% used [0x00000000df080000,0x00000000df0b8000,0x00000000df100000)
  to   space 5120K, 0% used [0x00000000de700000,0x00000000de700000,0x00000000dec00000)
 ParOldGen       total 155648K, used 134653K [0x0000000084e00000, 0x000000008e600000, 0x00000000d6f80000)
  object space 155648K, 86% used [0x0000000084e00000,0x000000008d17f4c0,0x000000008e600000)
 Metaspace       used 14602K, capacity 14836K, committed 15232K, reserved 1062912K
  class space    used 1806K, capacity 1870K, committed 1920K, reserved 1048576K
}
Event: 6,538 GC heap before
{Heap before GC invocations=6 (full 2):
 PSYoungGen      total 122880K, used 224K [0x00000000d6f80000, 0x00000000df100000, 0x0000000100000000)
  eden space 122368K, 0% used [0x00000000d6f80000,0x00000000d6f80000,0x00000000de700000)
  from space 512K, 43% used [0x00000000df080000,0x00000000df0b8000,0x00000000df100000)
  to   space 5120K, 0% used [0x00000000de700000,0x00000000de700000,0x00000000dec00000)
 ParOldGen       total 155648K, used 134653K [0x0000000084e00000, 0x000000008e600000, 0x00000000d6f80000)
  object space 155648K, 86% used [0x0000000084e00000,0x000000008d17f4c0,0x000000008e600000)
 Metaspace       used 14602K, capacity 14836K, committed 15232K, reserved 1062912K
  class space    used 1806K, capacity 1870K, committed 1920K, reserved 1048576K
Event: 6,554 GC heap after
Heap after GC invocations=6 (full 2):
 PSYoungGen      total 122880K, used 0K [0x00000000d6f80000, 0x00000000df100000, 0x0000000100000000)
  eden space 122368K, 0% used [0x00000000d6f80000,0x00000000d6f80000,0x00000000de700000)
  from space 512K, 0% used [0x00000000df080000,0x00000000df080000,0x00000000df100000)
  to   space 5120K, 0% used [0x00000000de700000,0x00000000de700000,0x00000000dec00000)
 ParOldGen       total 233984K, used 93799K [0x0000000084e00000, 0x0000000093280000, 0x00000000d6f80000)
  object space 233984K, 40% used [0x0000000084e00000,0x000000008a999db8,0x0000000093280000)
 Metaspace       used 14602K, capacity 14836K, committed 15232K, reserved 1062912K
  class space    used 1806K, capacity 1870K, committed 1920K, reserved 1048576K
}
Event: 6,554 GC heap before
{Heap before GC invocations=7 (full 2):
 PSYoungGen      total 122880K, used 526K [0x00000000d6f80000, 0x00000000df100000, 0x0000000100000000)
  eden space 122368K, 0% used [0x00000000d6f80000,0x00000000d7003830,0x00000000de700000)
  from space 512K, 0% used [0x00000000df080000,0x00000000df080000,0x00000000df100000)
  to   space 5120K, 0% used [0x00000000de700000,0x00000000de700000,0x00000000dec00000)
 ParOldGen       total 233984K, used 93799K [0x0000000084e00000, 0x0000000093280000, 0x00000000d6f80000)
  object space 233984K, 40% used [0x0000000084e00000,0x000000008a999db8,0x0000000093280000)
 Metaspace       used 14602K, capacity 14836K, committed 15232K, reserved 1062912K
  class space    used 1806K, capacity 1870K, committed 1920K, reserved 1048576K
Event: 6,557 GC heap after
Heap after GC invocations=7 (full 2):
 PSYoungGen      total 127488K, used 128K [0x00000000d6f80000, 0x00000000e3880000, 0x0000000100000000)
  eden space 122368K, 0% used [0x00000000d6f80000,0x00000000d6f80000,0x00000000de700000)
  from space 5120K, 2% used [0x00000000de700000,0x00000000de720000,0x00000000dec00000)
  to   space 4608K, 0% used [0x00000000e3400000,0x00000000e3400000,0x00000000e3880000)
 ParOldGen       total 233984K, used 93799K [0x0000000084e00000, 0x0000000093280000, 0x00000000d6f80000)
  object space 233984K, 40% used [0x0000000084e00000,0x000000008a999db8,0x0000000093280000)
 Metaspace       used 14602K, capacity 14836K, committed 15232K, reserved 1062912K
  class space    used 1806K, capacity 1870K, committed 1920K, reserved 1048576K
}
Event: 6,742 GC heap before
{Heap before GC invocations=8 (full 2):
 PSYoungGen      total 127488K, used 119375K [0x00000000d6f80000, 0x00000000e3880000, 0x0000000100000000)
  eden space 122368K, 97% used [0x00000000d6f80000,0x00000000de3f3e28,0x00000000de700000)
  from space 5120K, 2% used [0x00000000de700000,0x00000000de720000,0x00000000dec00000)
  to   space 4608K, 0% used [0x00000000e3400000,0x00000000e3400000,0x00000000e3880000)
 ParOldGen       total 233984K, used 101899K [0x0000000084e00000, 0x0000000093280000, 0x00000000d6f80000)
  object space 233984K, 43% used [0x0000000084e00000,0x000000008b182dc8,0x0000000093280000)
 Metaspace       used 14607K, capacity 14836K, committed 15232K, reserved 1062912K
  class space    used 1806K, capacity 1870K, committed 1920K, reserved 1048576K
Event: 6,766 GC heap after
Heap after GC invocations=8 (full 2):
 PSYoungGen      total 201216K, used 160K [0x00000000d6f80000, 0x00000000e3b80000, 0x0000000100000000)
  eden space 196608K, 0% used [0x00000000d6f80000,0x00000000d6f80000,0x00000000e2f80000)
  from space 4608K, 3% used [0x00000000e3400000,0x00000000e3428000,0x00000000e3880000)
  to   space 4608K, 0% used [0x00000000e2f80000,0x00000000e2f80000,0x00000000e3400000)
 ParOldGen       total 233984K, used 182697K [0x0000000084e00000, 0x0000000093280000, 0x00000000d6f80000)
  object space 233984K, 78% used [0x0000000084e00000,0x000000009006a468,0x0000000093280000)
 Metaspace       used 14607K, capacity 14836K, committed 15232K, reserved 1062912K
  class space    used 1806K, capacity 1870K, committed 1920K, reserved 1048576K
}
Event: 6,766 GC heap before
{Heap before GC invocations=9 (full 3):
 PSYoungGen      total 201216K, used 160K [0x00000000d6f80000, 0x00000000e3b80000, 0x0000000100000000)
  eden space 196608K, 0% used [0x00000000d6f80000,0x00000000d6f80000,0x00000000e2f80000)
  from space 4608K, 3% used [0x00000000e3400000,0x00000000e3428000,0x00000000e3880000)
  to   space 4608K, 0% used [0x00000000e2f80000,0x00000000e2f80000,0x00000000e3400000)
 ParOldGen       total 233984K, used 182697K [0x0000000084e00000, 0x0000000093280000, 0x00000000d6f80000)
  object space 233984K, 78% used [0x0000000084e00000,0x000000009006a468,0x0000000093280000)
 Metaspace       used 14607K, capacity 14836K, committed 15232K, reserved 1062912K
  class space    used 1806K, capacity 1870K, committed 1920K, reserved 1048576K
Event: 6,820 GC heap after
Heap after GC invocations=9 (full 3):
 PSYoungGen      total 201216K, used 0K [0x00000000d6f80000, 0x00000000e3b80000, 0x0000000100000000)
  eden space 196608K, 0% used [0x00000000d6f80000,0x00000000d6f80000,0x00000000e2f80000)
  from space 4608K, 0% used [0x00000000e3400000,0x00000000e3400000,0x00000000e3880000)
  to   space 4608K, 0% used [0x00000000e2f80000,0x00000000e2f80000,0x00000000e3400000)
 ParOldGen       total 327680K, used 149901K [0x0000000084e00000, 0x0000000098e00000, 0x00000000d6f80000)
  object space 327680K, 45% used [0x0000000084e00000,0x000000008e063458,0x0000000098e00000)
 Metaspace       used 14607K, capacity 14836K, committed 15232K, reserved 1062912K
  class space    used 1806K, capacity 1870K, committed 1920K, reserved 1048576K
}

