# JRE version: Java(TM) SE Runtime Environment (8.0_111-b14) (build 1.8.0_111-b14)
# Java VM: Java HotSpot(TM) 64-Bit Server VM (25.111-b14 mixed mode linux-amd64 compressed oops)
Heap:
 PSYoungGen      total 113664K, used 99726K [0x00000000d6f80000, 0x00000000e3080000, 0x0000000100000000)
  eden space 108032K, 92% used [0x00000000d6f80000,0x00000000dd0e3ad8,0x00000000dd900000)
  from space 5632K, 0% used [0x00000000dd900000,0x00000000dd900000,0x00000000dde80000)
  to   space 6144K, 0% used [0x00000000e2a80000,0x00000000e2a80000,0x00000000e3080000)
 ParOldGen       total 357376K, used 197798K [0x0000000084e00000, 0x000000009ab00000, 0x00000000d6f80000)
  object space 357376K, 55% used [0x0000000084e00000,0x0000000090f29930,0x000000009ab00000)
 Metaspace       used 14145K, capacity 14374K, committed 14720K, reserved 1062912K
  class space    used 1745K, capacity 1837K, committed 1920K, reserved 1048576K
GC Heap History (10 events):
Event: 11,573 GC heap before
{Heap before GC invocations=8 (full 3):
 PSYoungGen      total 68096K, used 800K [0x00000000d6f80000, 0x00000000de580000, 0x0000000100000000)
  eden space 62976K, 0% used [0x00000000d6f80000,0x00000000d6f80000,0x00000000dad00000)
  from space 5120K, 15% used [0x00000000dad00000,0x00000000dadc8000,0x00000000db200000)
  to   space 5632K, 0% used [0x00000000de000000,0x00000000de000000,0x00000000de580000)
 ParOldGen       total 168960K, used 137155K [0x0000000084e00000, 0x000000008f300000, 0x00000000d6f80000)
  object space 168960K, 81% used [0x0000000084e00000,0x000000008d3f0cb8,0x000000008f300000)
 Metaspace       used 14125K, capacity 14374K, committed 14720K, reserved 1062912K
  class space    used 1745K, capacity 1837K, committed 1920K, reserved 1048576K
Event: 11,630 GC heap after
Heap after GC invocations=8 (full 3):
 PSYoungGen      total 68096K, used 0K [0x00000000d6f80000, 0x00000000de580000, 0x0000000100000000)
  eden space 62976K, 0% used [0x00000000d6f80000,0x00000000d6f80000,0x00000000dad00000)
  from space 5120K, 0% used [0x00000000dad00000,0x00000000dad00000,0x00000000db200000)
  to   space 5632K, 0% used [0x00000000de000000,0x00000000de000000,0x00000000de580000)
 ParOldGen       total 219648K, used 120859K [0x0000000084e00000, 0x0000000092480000, 0x00000000d6f80000)
  object space 219648K, 55% used [0x0000000084e00000,0x000000008c406f60,0x0000000092480000)
 Metaspace       used 14125K, capacity 14374K, committed 14720K, reserved 1062912K
  class space    used 1745K, capacity 1837K, committed 1920K, reserved 1048576K
}
Event: 11,747 GC heap before
{Heap before GC invocations=9 (full 3):
 PSYoungGen      total 68096K, used 62976K [0x00000000d6f80000, 0x00000000de580000, 0x0000000100000000)
  eden space 62976K, 100% used [0x00000000d6f80000,0x00000000dad00000,0x00000000dad00000)
  from space 5120K, 0% used [0x00000000dad00000,0x00000000dad00000,0x00000000db200000)
  to   space 5632K, 0% used [0x00000000de000000,0x00000000de000000,0x00000000de580000)
 ParOldGen       total 219648K, used 121383K [0x0000000084e00000, 0x0000000092480000, 0x00000000d6f80000)
  object space 219648K, 55% used [0x0000000084e00000,0x000000008c489d60,0x0000000092480000)
 Metaspace       used 14127K, capacity 14374K, committed 14720K, reserved 1062912K
  class space    used 1745K, capacity 1837K, committed 1920K, reserved 1048576K
Event: 11,977 GC heap after
Heap after GC invocations=9 (full 3):
 PSYoungGen      total 112128K, used 196K [0x00000000d6f80000, 0x00000000de400000, 0x0000000100000000)
  eden space 108032K, 0% used [0x00000000d6f80000,0x00000000d6f80000,0x00000000dd900000)
  from space 4096K, 4% used [0x00000000de000000,0x00000000de031100,0x00000000de400000)
  to   space 5632K, 0% used [0x00000000dd900000,0x00000000dd900000,0x00000000dde80000)
 ParOldGen       total 219648K, used 201175K [0x0000000084e00000, 0x0000000092480000, 0x00000000d6f80000)
  object space 219648K, 91% used [0x0000000084e00000,0x0000000091275fd0,0x0000000092480000)
 Metaspace       used 14127K, capacity 14374K, committed 14720K, reserved 1062912K
  class space    used 1745K, capacity 1837K, committed 1920K, reserved 1048576K
}
Event: 11,977 GC heap before
{Heap before GC invocations=10 (full 4):
 PSYoungGen      total 112128K, used 196K [0x00000000d6f80000, 0x00000000de400000, 0x0000000100000000)
  eden space 108032K, 0% used [0x00000000d6f80000,0x00000000d6f80000,0x00000000dd900000)
  from space 4096K, 4% used [0x00000000de000000,0x00000000de031100,0x00000000de400000)
  to   space 5632K, 0% used [0x00000000dd900000,0x00000000dd900000,0x00000000dde80000)
 ParOldGen       total 219648K, used 201175K [0x0000000084e00000, 0x0000000092480000, 0x00000000d6f80000)
  object space 219648K, 91% used [0x0000000084e00000,0x0000000091275fd0,0x0000000092480000)
 Metaspace       used 14127K, capacity 14374K, committed 14720K, reserved 1062912K
  class space    used 1745K, capacity 1837K, committed 1920K, reserved 1048576K
Event: 12,002 GC heap after
Heap after GC invocations=10 (full 4):
 PSYoungGen      total 112128K, used 0K [0x00000000d6f80000, 0x00000000de400000, 0x0000000100000000)
  eden space 108032K, 0% used [0x00000000d6f80000,0x00000000d6f80000,0x00000000dd900000)
  from space 4096K, 0% used [0x00000000de000000,0x00000000de000000,0x00000000de400000)
  to   space 5632K, 0% used [0x00000000dd900000,0x00000000dd900000,0x00000000dde80000)
 ParOldGen       total 290816K, used 153495K [0x0000000084e00000, 0x0000000096a00000, 0x00000000d6f80000)
  object space 290816K, 52% used [0x0000000084e00000,0x000000008e3e5ed0,0x0000000096a00000)
 Metaspace       used 14127K, capacity 14374K, committed 14720K, reserved 1062912K
  class space    used 1745K, capacity 1837K, committed 1920K, reserved 1048576K
}
Event: 12,431 GC heap before
{Heap before GC invocations=11 (full 4):
 PSYoungGen      total 112128K, used 108032K [0x00000000d6f80000, 0x00000000de400000, 0x0000000100000000)
  eden space 108032K, 100% used [0x00000000d6f80000,0x00000000dd900000,0x00000000dd900000)
  from space 4096K, 0% used [0x00000000de000000,0x00000000de000000,0x00000000de400000)
  to   space 5632K, 0% used [0x00000000dd900000,0x00000000dd900000,0x00000000dde80000)
 ParOldGen       total 290816K, used 153744K [0x0000000084e00000, 0x0000000096a00000, 0x00000000d6f80000)
  object space 290816K, 52% used [0x0000000084e00000,0x000000008e424188,0x0000000096a00000)
 Metaspace       used 14130K, capacity 14374K, committed 14720K, reserved 1062912K
  class space    used 1745K, capacity 1837K, committed 1920K, reserved 1048576K
Event: 12,515 GC heap after
Heap after GC invocations=11 (full 4):
 PSYoungGen      total 113664K, used 4290K [0x00000000d6f80000, 0x00000000e3080000, 0x0000000100000000)
  eden space 108032K, 0% used [0x00000000d6f80000,0x00000000d6f80000,0x00000000dd900000)
  from space 5632K, 76% used [0x00000000dd900000,0x00000000ddd30810,0x00000000dde80000)
  to   space 6144K, 0% used [0x00000000e2a80000,0x00000000e2a80000,0x00000000e3080000)
 ParOldGen       total 290816K, used 225540K [0x0000000084e00000, 0x0000000096a00000, 0x00000000d6f80000)
  object space 290816K, 77% used [0x0000000084e00000,0x0000000092a41228,0x0000000096a00000)
 Metaspace       used 14130K, capacity 14374K, committed 14720K, reserved 1062912K
  class space    used 1745K, capacity 1837K, committed 1920K, reserved 1048576K
}
Event: 12,515 GC heap before
{Heap before GC invocations=12 (full 5):
 PSYoungGen      total 113664K, used 4290K [0x00000000d6f80000, 0x00000000e3080000, 0x0000000100000000)
  eden space 108032K, 0% used [0x00000000d6f80000,0x00000000d6f80000,0x00000000dd900000)
  from space 5632K, 76% used [0x00000000dd900000,0x00000000ddd30810,0x00000000dde80000)
  to   space 6144K, 0% used [0x00000000e2a80000,0x00000000e2a80000,0x00000000e3080000)
 ParOldGen       total 290816K, used 225540K [0x0000000084e00000, 0x0000000096a00000, 0x00000000d6f80000)
  object space 290816K, 77% used [0x0000000084e00000,0x0000000092a41228,0x0000000096a00000)
 Metaspace       used 14130K, capacity 14374K, committed 14720K, reserved 1062912K
  class space    used 1745K, capacity 1837K, committed 1920K, reserved 1048576K
Event: 12,549 GC heap after
Heap after GC invocations=12 (full 5):
 PSYoungGen      total 113664K, used 0K [0x00000000d6f80000, 0x00000000e3080000, 0x0000000100000000)
  eden space 108032K, 0% used [0x00000000d6f80000,0x00000000d6f80000,0x00000000dd900000)
  from space 5632K, 0% used [0x00000000dd900000,0x00000000dd900000,0x00000000dde80000)
  to   space 6144K, 0% used [0x00000000e2a80000,0x00000000e2a80000,0x00000000e3080000)
 ParOldGen       total 357376K, used 197798K [0x0000000084e00000, 0x000000009ab00000, 0x00000000d6f80000)
  object space 357376K, 55% used [0x0000000084e00000,0x0000000090f29930,0x000000009ab00000)
 Metaspace       used 14130K, capacity 14374K, committed 14720K, reserved 1062912K
  class space    used 1745K, capacity 1837K, committed 1920K, reserved 1048576K
}

