# JRE version: Java(TM) SE Runtime Environment (8.0_111-b14) (build 1.8.0_111-b14)
# Java VM: Java HotSpot(TM) 64-Bit Server VM (25.111-b14 mixed mode linux-amd64 compressed oops)
Heap:
 PSYoungGen      total 198656K, used 119948K [0x00000000d6f80000, 0x00000000ea900000, 0x0000000100000000)
  eden space 121856K, 40% used [0x00000000d6f80000,0x00000000d9f9d6b0,0x00000000de680000)
  from space 76800K, 92% used [0x00000000e3f00000,0x00000000e8405960,0x00000000e8a00000)
  to   space 90624K, 0% used [0x00000000de680000,0x00000000de680000,0x00000000e3f00000)
 ParOldGen       total 334336K, used 197928K [0x0000000084e00000, 0x0000000099480000, 0x00000000d6f80000)
  object space 334336K, 59% used [0x0000000084e00000,0x0000000090f4a358,0x0000000099480000)
 Metaspace       used 13958K, capacity 14232K, committed 14464K, reserved 1062912K
  class space    used 1746K, capacity 1838K, committed 1920K, reserved 1048576K
GC Heap History (10 events):
Event: 4,695 GC heap before
{Heap before GC invocations=8 (full 3):
 PSYoungGen      total 66560K, used 160K [0x00000000d6f80000, 0x00000000e3600000, 0x0000000100000000)
  eden space 61440K, 0% used [0x00000000d6f80000,0x00000000d6f80000,0x00000000dab80000)
  from space 5120K, 3% used [0x00000000dab80000,0x00000000daba8000,0x00000000db080000)
  to   space 51200K, 0% used [0x00000000e0400000,0x00000000e0400000,0x00000000e3600000)
 ParOldGen       total 170496K, used 115688K [0x0000000084e00000, 0x000000008f480000, 0x00000000d6f80000)
  object space 170496K, 67% used [0x0000000084e00000,0x000000008befa210,0x000000008f480000)
 Metaspace       used 13931K, capacity 14168K, committed 14464K, reserved 1062912K
  class space    used 1745K, capacity 1838K, committed 1920K, reserved 1048576K
Event: 4,747 GC heap after
Heap after GC invocations=8 (full 3):
 PSYoungGen      total 66560K, used 0K [0x00000000d6f80000, 0x00000000e3600000, 0x0000000100000000)
  eden space 61440K, 0% used [0x00000000d6f80000,0x00000000d6f80000,0x00000000dab80000)
  from space 5120K, 0% used [0x00000000dab80000,0x00000000dab80000,0x00000000db080000)
  to   space 51200K, 0% used [0x00000000e0400000,0x00000000e0400000,0x00000000e3600000)
 ParOldGen       total 216576K, used 96622K [0x0000000084e00000, 0x0000000092180000, 0x00000000d6f80000)
  object space 216576K, 44% used [0x0000000084e00000,0x000000008ac5b9a8,0x0000000092180000)
 Metaspace       used 13931K, capacity 14168K, committed 14464K, reserved 1062912K
  class space    used 1745K, capacity 1838K, committed 1920K, reserved 1048576K
}
Event: 4,850 GC heap before
{Heap before GC invocations=9 (full 3):
 PSYoungGen      total 66560K, used 61440K [0x00000000d6f80000, 0x00000000e3600000, 0x0000000100000000)
  eden space 61440K, 100% used [0x00000000d6f80000,0x00000000dab80000,0x00000000dab80000)
  from space 5120K, 0% used [0x00000000dab80000,0x00000000dab80000,0x00000000db080000)
  to   space 51200K, 0% used [0x00000000e0400000,0x00000000e0400000,0x00000000e3600000)
 ParOldGen       total 216576K, used 113339K [0x0000000084e00000, 0x0000000092180000, 0x00000000d6f80000)
  object space 216576K, 52% used [0x0000000084e00000,0x000000008bcaef58,0x0000000092180000)
 Metaspace       used 13944K, capacity 14168K, committed 14464K, reserved 1062912K
  class space    used 1745K, capacity 1838K, committed 1920K, reserved 1048576K
Event: 4,888 GC heap after
Heap after GC invocations=9 (full 3):
 PSYoungGen      total 139776K, used 46597K [0x00000000d6f80000, 0x00000000e4800000, 0x0000000100000000)
  eden space 88576K, 0% used [0x00000000d6f80000,0x00000000d6f80000,0x00000000dc600000)
  from space 51200K, 91% used [0x00000000e0400000,0x00000000e3181490,0x00000000e3600000)
  to   space 63488K, 0% used [0x00000000dc600000,0x00000000dc600000,0x00000000e0400000)
 ParOldGen       total 216576K, used 148622K [0x0000000084e00000, 0x0000000092180000, 0x00000000d6f80000)
  object space 216576K, 68% used [0x0000000084e00000,0x000000008df23838,0x0000000092180000)
 Metaspace       used 13944K, capacity 14168K, committed 14464K, reserved 1062912K
  class space    used 1745K, capacity 1838K, committed 1920K, reserved 1048576K
}
Event: 5,136 GC heap before
{Heap before GC invocations=10 (full 3):
 PSYoungGen      total 139776K, used 135173K [0x00000000d6f80000, 0x00000000e4800000, 0x0000000100000000)
  eden space 88576K, 100% used [0x00000000d6f80000,0x00000000dc600000,0x00000000dc600000)
  from space 51200K, 91% used [0x00000000e0400000,0x00000000e3181490,0x00000000e3600000)
  to   space 63488K, 0% used [0x00000000dc600000,0x00000000dc600000,0x00000000e0400000)
 ParOldGen       total 216576K, used 157195K [0x0000000084e00000, 0x0000000092180000, 0x00000000d6f80000)
  object space 216576K, 72% used [0x0000000084e00000,0x000000008e782e38,0x0000000092180000)
 Metaspace       used 13951K, capacity 14168K, committed 14464K, reserved 1062912K
  class space    used 1745K, capacity 1838K, committed 1920K, reserved 1048576K
Event: 5,179 GC heap after
Heap after GC invocations=10 (full 3):
 PSYoungGen      total 152064K, used 58254K [0x00000000d6f80000, 0x00000000e8a00000, 0x0000000100000000)
  eden space 88576K, 0% used [0x00000000d6f80000,0x00000000d6f80000,0x00000000dc600000)
  from space 63488K, 91% used [0x00000000dc600000,0x00000000dfee3ad0,0x00000000e0400000)
  to   space 76800K, 0% used [0x00000000e3f00000,0x00000000e3f00000,0x00000000e8a00000)
 ParOldGen       total 246272K, used 232593K [0x0000000084e00000, 0x0000000093e80000, 0x00000000d6f80000)
  object space 246272K, 94% used [0x0000000084e00000,0x00000000931244a8,0x0000000093e80000)
 Metaspace       used 13951K, capacity 14168K, committed 14464K, reserved 1062912K
  class space    used 1745K, capacity 1838K, committed 1920K, reserved 1048576K
}
Event: 5,179 GC heap before
{Heap before GC invocations=11 (full 4):
 PSYoungGen      total 152064K, used 58254K [0x00000000d6f80000, 0x00000000e8a00000, 0x0000000100000000)
  eden space 88576K, 0% used [0x00000000d6f80000,0x00000000d6f80000,0x00000000dc600000)
  from space 63488K, 91% used [0x00000000dc600000,0x00000000dfee3ad0,0x00000000e0400000)
  to   space 76800K, 0% used [0x00000000e3f00000,0x00000000e3f00000,0x00000000e8a00000)
 ParOldGen       total 246272K, used 232593K [0x0000000084e00000, 0x0000000093e80000, 0x00000000d6f80000)
  object space 246272K, 94% used [0x0000000084e00000,0x00000000931244a8,0x0000000093e80000)
 Metaspace       used 13951K, capacity 14168K, committed 14464K, reserved 1062912K
  class space    used 1745K, capacity 1838K, committed 1920K, reserved 1048576K
Event: 5,203 GC heap after
Heap after GC invocations=11 (full 4):
 PSYoungGen      total 152064K, used 0K [0x00000000d6f80000, 0x00000000e8a00000, 0x0000000100000000)
  eden space 88576K, 0% used [0x00000000d6f80000,0x00000000d6f80000,0x00000000dc600000)
  from space 63488K, 0% used [0x00000000dc600000,0x00000000dc600000,0x00000000e0400000)
  to   space 76800K, 0% used [0x00000000e3f00000,0x00000000e3f00000,0x00000000e8a00000)
 ParOldGen       total 334336K, used 181260K [0x0000000084e00000, 0x0000000099480000, 0x00000000d6f80000)
  object space 334336K, 54% used [0x0000000084e00000,0x000000008ff03158,0x0000000099480000)
 Metaspace       used 13951K, capacity 14168K, committed 14464K, reserved 1062912K
  class space    used 1745K, capacity 1838K, committed 1920K, reserved 1048576K
}
Event: 5,338 GC heap before
{Heap before GC invocations=12 (full 4):
 PSYoungGen      total 152064K, used 88576K [0x00000000d6f80000, 0x00000000e8a00000, 0x0000000100000000)
  eden space 88576K, 100% used [0x00000000d6f80000,0x00000000dc600000,0x00000000dc600000)
  from space 63488K, 0% used [0x00000000dc600000,0x00000000dc600000,0x00000000e0400000)
  to   space 76800K, 0% used [0x00000000e3f00000,0x00000000e3f00000,0x00000000e8a00000)
 ParOldGen       total 334336K, used 189828K [0x0000000084e00000, 0x0000000099480000, 0x00000000d6f80000)
  object space 334336K, 56% used [0x0000000084e00000,0x0000000090761348,0x0000000099480000)
 Metaspace       used 13958K, capacity 14232K, committed 14464K, reserved 1062912K
  class space    used 1746K, capacity 1838K, committed 1920K, reserved 1048576K
Event: 5,368 GC heap after
Heap after GC invocations=12 (full 4):
 PSYoungGen      total 198656K, used 70678K [0x00000000d6f80000, 0x00000000ea900000, 0x0000000100000000)
  eden space 121856K, 0% used [0x00000000d6f80000,0x00000000d6f80000,0x00000000de680000)
  from space 76800K, 92% used [0x00000000e3f00000,0x00000000e8405960,0x00000000e8a00000)
  to   space 90624K, 0% used [0x00000000de680000,0x00000000de680000,0x00000000e3f00000)
 ParOldGen       total 334336K, used 197928K [0x0000000084e00000, 0x0000000099480000, 0x00000000d6f80000)
  object space 334336K, 59% used [0x0000000084e00000,0x0000000090f4a358,0x0000000099480000)
 Metaspace       used 13958K, capacity 14232K, committed 14464K, reserved 1062912K
  class space    used 1746K, capacity 1838K, committed 1920K, reserved 1048576K
}

