# JRE version: Java(TM) SE Runtime Environment (8.0_111-b14) (build 1.8.0_111-b14)
# Java VM: Java HotSpot(TM) 64-Bit Server VM (25.111-b14 mixed mode linux-amd64 compressed oops)
Heap:
 PSYoungGen      total 226816K, used 86832K [0x00000000d6f80000, 0x00000000e6300000, 0x0000000100000000)
  eden space 222208K, 39% used [0x00000000d6f80000,0x00000000dc44c248,0x00000000e4880000)
  from space 4608K, 0% used [0x00000000e5e80000,0x00000000e5e80000,0x00000000e6300000)
  to   space 5632K, 0% used [0x00000000e5800000,0x00000000e5800000,0x00000000e5d80000)
 ParOldGen       total 332800K, used 192911K [0x0000000084e00000, 0x0000000099300000, 0x00000000d6f80000)
  object space 332800K, 57% used [0x0000000084e00000,0x0000000090a63f98,0x0000000099300000)
 Metaspace       used 14766K, capacity 14974K, committed 15232K, reserved 1062912K
  class space    used 1805K, capacity 1869K, committed 1920K, reserved 1048576K
GC Heap History (10 events):
Event: 14,511 GC heap before
{Heap before GC invocations=8 (full 2):
 PSYoungGen      total 127488K, used 1216K [0x00000000d6f80000, 0x00000000df480000, 0x0000000100000000)
  eden space 122880K, 0% used [0x00000000d6f80000,0x00000000d6f80000,0x00000000de780000)
  from space 4608K, 26% used [0x00000000dec80000,0x00000000dedb0000,0x00000000df100000)
  to   space 5120K, 0% used [0x00000000de780000,0x00000000de780000,0x00000000dec80000)
 ParOldGen       total 135680K, used 129655K [0x0000000084e00000, 0x000000008d280000, 0x00000000d6f80000)
  object space 135680K, 95% used [0x0000000084e00000,0x000000008cc9df90,0x000000008d280000)
 Metaspace       used 14691K, capacity 14910K, committed 15232K, reserved 1062912K
  class space    used 1805K, capacity 1869K, committed 1920K, reserved 1048576K
Event: 14,561 GC heap after
Heap after GC invocations=8 (full 2):
 PSYoungGen      total 127488K, used 0K [0x00000000d6f80000, 0x00000000df480000, 0x0000000100000000)
  eden space 122880K, 0% used [0x00000000d6f80000,0x00000000d6f80000,0x00000000de780000)
  from space 4608K, 0% used [0x00000000dec80000,0x00000000dec80000,0x00000000df100000)
  to   space 5120K, 0% used [0x00000000de780000,0x00000000de780000,0x00000000dec80000)
 ParOldGen       total 183296K, used 83176K [0x0000000084e00000, 0x0000000090100000, 0x00000000d6f80000)
  object space 183296K, 45% used [0x0000000084e00000,0x0000000089f3a318,0x0000000090100000)
 Metaspace       used 14691K, capacity 14910K, committed 15232K, reserved 1062912K
  class space    used 1805K, capacity 1869K, committed 1920K, reserved 1048576K
}
Event: 14,941 GC heap before
{Heap before GC invocations=9 (full 2):
 PSYoungGen      total 127488K, used 116156K [0x00000000d6f80000, 0x00000000df480000, 0x0000000100000000)
  eden space 122880K, 94% used [0x00000000d6f80000,0x00000000de0ef3d0,0x00000000de780000)
  from space 4608K, 0% used [0x00000000dec80000,0x00000000dec80000,0x00000000df100000)
  to   space 5120K, 0% used [0x00000000de780000,0x00000000de780000,0x00000000dec80000)
 ParOldGen       total 183296K, used 99176K [0x0000000084e00000, 0x0000000090100000, 0x00000000d6f80000)
  object space 183296K, 54% used [0x0000000084e00000,0x000000008aeda328,0x0000000090100000)
 Metaspace       used 14730K, capacity 14974K, committed 15232K, reserved 1062912K
  class space    used 1805K, capacity 1869K, committed 1920K, reserved 1048576K
Event: 15,040 GC heap after
Heap after GC invocations=9 (full 2):
 PSYoungGen      total 128000K, used 928K [0x00000000d6f80000, 0x00000000e6380000, 0x0000000100000000)
  eden space 122880K, 0% used [0x00000000d6f80000,0x00000000d6f80000,0x00000000de780000)
  from space 5120K, 18% used [0x00000000de780000,0x00000000de868000,0x00000000dec80000)
  to   space 5120K, 0% used [0x00000000e5e80000,0x00000000e5e80000,0x00000000e6380000)
 ParOldGen       total 183296K, used 166677K [0x0000000084e00000, 0x0000000090100000, 0x00000000d6f80000)
  object space 183296K, 90% used [0x0000000084e00000,0x000000008f0c55a8,0x0000000090100000)
 Metaspace       used 14730K, capacity 14974K, committed 15232K, reserved 1062912K
  class space    used 1805K, capacity 1869K, committed 1920K, reserved 1048576K
}
Event: 15,040 GC heap before
{Heap before GC invocations=10 (full 3):
 PSYoungGen      total 128000K, used 928K [0x00000000d6f80000, 0x00000000e6380000, 0x0000000100000000)
  eden space 122880K, 0% used [0x00000000d6f80000,0x00000000d6f80000,0x00000000de780000)
  from space 5120K, 18% used [0x00000000de780000,0x00000000de868000,0x00000000dec80000)
  to   space 5120K, 0% used [0x00000000e5e80000,0x00000000e5e80000,0x00000000e6380000)
 ParOldGen       total 183296K, used 166677K [0x0000000084e00000, 0x0000000090100000, 0x00000000d6f80000)
  object space 183296K, 90% used [0x0000000084e00000,0x000000008f0c55a8,0x0000000090100000)
 Metaspace       used 14730K, capacity 14974K, committed 15232K, reserved 1062912K
  class space    used 1805K, capacity 1869K, committed 1920K, reserved 1048576K
Event: 15,114 GC heap after
Heap after GC invocations=10 (full 3):
 PSYoungGen      total 128000K, used 0K [0x00000000d6f80000, 0x00000000e6380000, 0x0000000100000000)
  eden space 122880K, 0% used [0x00000000d6f80000,0x00000000d6f80000,0x00000000de780000)
  from space 5120K, 0% used [0x00000000de780000,0x00000000de780000,0x00000000dec80000)
  to   space 5120K, 0% used [0x00000000e5e80000,0x00000000e5e80000,0x00000000e6380000)
 ParOldGen       total 262144K, used 141865K [0x0000000084e00000, 0x0000000094e00000, 0x00000000d6f80000)
  object space 262144K, 54% used [0x0000000084e00000,0x000000008d88a5a0,0x0000000094e00000)
 Metaspace       used 14730K, capacity 14974K, committed 15232K, reserved 1062912K
  class space    used 1805K, capacity 1869K, committed 1920K, reserved 1048576K
}
Event: 15,566 GC heap before
{Heap before GC invocations=11 (full 3):
 PSYoungGen      total 128000K, used 122880K [0x00000000d6f80000, 0x00000000e6380000, 0x0000000100000000)
  eden space 122880K, 100% used [0x00000000d6f80000,0x00000000de780000,0x00000000de780000)
  from space 5120K, 0% used [0x00000000de780000,0x00000000de780000,0x00000000dec80000)
  to   space 5120K, 0% used [0x00000000e5e80000,0x00000000e5e80000,0x00000000e6380000)
 ParOldGen       total 262144K, used 142346K [0x0000000084e00000, 0x0000000094e00000, 0x00000000d6f80000)
  object space 262144K, 54% used [0x0000000084e00000,0x000000008d9029a0,0x0000000094e00000)
 Metaspace       used 14757K, capacity 14974K, committed 15232K, reserved 1062912K
  class space    used 1805K, capacity 1869K, committed 1920K, reserved 1048576K
Event: 15,767 GC heap after
Heap after GC invocations=11 (full 3):
 PSYoungGen      total 226816K, used 4322K [0x00000000d6f80000, 0x00000000e6300000, 0x0000000100000000)
  eden space 222208K, 0% used [0x00000000d6f80000,0x00000000d6f80000,0x00000000e4880000)
  from space 4608K, 93% used [0x00000000e5e80000,0x00000000e62b8810,0x00000000e6300000)
  to   space 5632K, 0% used [0x00000000e5800000,0x00000000e5800000,0x00000000e5d80000)
 ParOldGen       total 262144K, used 220722K [0x0000000084e00000, 0x0000000094e00000, 0x00000000d6f80000)
  object space 262144K, 84% used [0x0000000084e00000,0x000000009258c840,0x0000000094e00000)
 Metaspace       used 14757K, capacity 14974K, committed 15232K, reserved 1062912K
  class space    used 1805K, capacity 1869K, committed 1920K, reserved 1048576K
}
Event: 15,767 GC heap before
{Heap before GC invocations=12 (full 4):
 PSYoungGen      total 226816K, used 4322K [0x00000000d6f80000, 0x00000000e6300000, 0x0000000100000000)
  eden space 222208K, 0% used [0x00000000d6f80000,0x00000000d6f80000,0x00000000e4880000)
  from space 4608K, 93% used [0x00000000e5e80000,0x00000000e62b8810,0x00000000e6300000)
  to   space 5632K, 0% used [0x00000000e5800000,0x00000000e5800000,0x00000000e5d80000)
 ParOldGen       total 262144K, used 220722K [0x0000000084e00000, 0x0000000094e00000, 0x00000000d6f80000)
  object space 262144K, 84% used [0x0000000084e00000,0x000000009258c840,0x0000000094e00000)
 Metaspace       used 14757K, capacity 14974K, committed 15232K, reserved 1062912K
  class space    used 1805K, capacity 1869K, committed 1920K, reserved 1048576K
Event: 15,814 GC heap after
Heap after GC invocations=12 (full 4):
 PSYoungGen      total 226816K, used 0K [0x00000000d6f80000, 0x00000000e6300000, 0x0000000100000000)
  eden space 222208K, 0% used [0x00000000d6f80000,0x00000000d6f80000,0x00000000e4880000)
  from space 4608K, 0% used [0x00000000e5e80000,0x00000000e5e80000,0x00000000e6300000)
  to   space 5632K, 0% used [0x00000000e5800000,0x00000000e5800000,0x00000000e5d80000)
 ParOldGen       total 332800K, used 192911K [0x0000000084e00000, 0x0000000099300000, 0x00000000d6f80000)
  object space 332800K, 57% used [0x0000000084e00000,0x0000000090a63f98,0x0000000099300000)
 Metaspace       used 14757K, capacity 14974K, committed 15232K, reserved 1062912K
  class space    used 1805K, capacity 1869K, committed 1920K, reserved 1048576K
}

