# JRE version: Java(TM) SE Runtime Environment (8.0_111-b14) (build 1.8.0_111-b14)
# Java VM: Java HotSpot(TM) 64-Bit Server VM (25.111-b14 mixed mode linux-amd64 compressed oops)
Heap:
 PSYoungGen      total 159232K, used 69701K [0x00000000d6f80000, 0x00000000e2380000, 0x0000000100000000)
  eden space 153600K, 42% used [0x00000000d6f80000,0x00000000daf50e40,0x00000000e0580000)
  from space 5632K, 77% used [0x00000000e0c00000,0x00000000e1040810,0x00000000e1180000)
  to   space 6656K, 0% used [0x00000000e0580000,0x00000000e0580000,0x00000000e0c00000)
 ParOldGen       total 320512K, used 226656K [0x0000000084e00000, 0x0000000098700000, 0x00000000d6f80000)
  object space 320512K, 70% used [0x0000000084e00000,0x0000000092b583b0,0x0000000098700000)
 Metaspace       used 14773K, capacity 14990K, committed 15232K, reserved 1062912K
  class space    used 1826K, capacity 1901K, committed 1920K, reserved 1048576K
GC Heap History (10 events):
Event: 6,229 GC heap before
{Heap before GC invocations=9 (full 3):
 PSYoungGen      total 62976K, used 57851K [0x00000000d6f80000, 0x00000000de800000, 0x0000000100000000)
  eden space 57856K, 99% used [0x00000000d6f80000,0x00000000da7fed20,0x00000000da800000)
  from space 5120K, 0% used [0x00000000da800000,0x00000000da800000,0x00000000dad00000)
  to   space 6144K, 0% used [0x00000000de200000,0x00000000de200000,0x00000000de800000)
 ParOldGen       total 211968K, used 87276K [0x0000000084e00000, 0x0000000091d00000, 0x00000000d6f80000)
  object space 211968K, 41% used [0x0000000084e00000,0x000000008a33b020,0x0000000091d00000)
 Metaspace       used 14649K, capacity 14862K, committed 14976K, reserved 1062912K
  class space    used 1812K, capacity 1901K, committed 1920K, reserved 1048576K
Event: 6,242 GC heap after
Heap after GC invocations=9 (full 3):
 PSYoungGen      total 94208K, used 256K [0x00000000d6f80000, 0x00000000de280000, 0x0000000100000000)
  eden space 93696K, 0% used [0x00000000d6f80000,0x00000000d6f80000,0x00000000dcb00000)
  from space 512K, 50% used [0x00000000de200000,0x00000000de240000,0x00000000de280000)
  to   space 6144K, 0% used [0x00000000dd680000,0x00000000dd680000,0x00000000ddc80000)
 ParOldGen       total 211968K, used 136726K [0x0000000084e00000, 0x0000000091d00000, 0x00000000d6f80000)
  object space 211968K, 64% used [0x0000000084e00000,0x000000008d385880,0x0000000091d00000)
 Metaspace       used 14649K, capacity 14862K, committed 14976K, reserved 1062912K
  class space    used 1812K, capacity 1901K, committed 1920K, reserved 1048576K
}
Event: 6,242 GC heap before
{Heap before GC invocations=10 (full 4):
 PSYoungGen      total 94208K, used 256K [0x00000000d6f80000, 0x00000000de280000, 0x0000000100000000)
  eden space 93696K, 0% used [0x00000000d6f80000,0x00000000d6f80000,0x00000000dcb00000)
  from space 512K, 50% used [0x00000000de200000,0x00000000de240000,0x00000000de280000)
  to   space 6144K, 0% used [0x00000000dd680000,0x00000000dd680000,0x00000000ddc80000)
 ParOldGen       total 211968K, used 136726K [0x0000000084e00000, 0x0000000091d00000, 0x00000000d6f80000)
  object space 211968K, 64% used [0x0000000084e00000,0x000000008d385880,0x0000000091d00000)
 Metaspace       used 14649K, capacity 14862K, committed 14976K, reserved 1062912K
  class space    used 1812K, capacity 1901K, committed 1920K, reserved 1048576K
Event: 6,259 GC heap after
Heap after GC invocations=10 (full 4):
 PSYoungGen      total 94208K, used 0K [0x00000000d6f80000, 0x00000000de280000, 0x0000000100000000)
  eden space 93696K, 0% used [0x00000000d6f80000,0x00000000d6f80000,0x00000000dcb00000)
  from space 512K, 0% used [0x00000000de200000,0x00000000de200000,0x00000000de280000)
  to   space 6144K, 0% used [0x00000000dd680000,0x00000000dd680000,0x00000000ddc80000)
 ParOldGen       total 258560K, used 110792K [0x0000000084e00000, 0x0000000094a80000, 0x00000000d6f80000)
  object space 258560K, 42% used [0x0000000084e00000,0x000000008ba32240,0x0000000094a80000)
 Metaspace       used 14649K, capacity 14862K, committed 14976K, reserved 1062912K
  class space    used 1812K, capacity 1901K, committed 1920K, reserved 1048576K
}
Event: 6,426 GC heap before
{Heap before GC invocations=11 (full 4):
 PSYoungGen      total 94208K, used 81407K [0x00000000d6f80000, 0x00000000de280000, 0x0000000100000000)
  eden space 93696K, 86% used [0x00000000d6f80000,0x00000000dbeffc00,0x00000000dcb00000)
  from space 512K, 0% used [0x00000000de200000,0x00000000de200000,0x00000000de280000)
  to   space 6144K, 0% used [0x00000000dd680000,0x00000000dd680000,0x00000000ddc80000)
 ParOldGen       total 258560K, used 126792K [0x0000000084e00000, 0x0000000094a80000, 0x00000000d6f80000)
  object space 258560K, 49% used [0x0000000084e00000,0x000000008c9d2250,0x0000000094a80000)
 Metaspace       used 14652K, capacity 14862K, committed 14976K, reserved 1062912K
  class space    used 1813K, capacity 1901K, committed 1920K, reserved 1048576K
Event: 6,497 GC heap after
Heap after GC invocations=11 (full 4):
 PSYoungGen      total 111616K, used 260K [0x00000000d6f80000, 0x00000000e1180000, 0x0000000100000000)
  eden space 105472K, 0% used [0x00000000d6f80000,0x00000000d6f80000,0x00000000dd680000)
  from space 6144K, 4% used [0x00000000dd680000,0x00000000dd6c1100,0x00000000ddc80000)
  to   space 5632K, 0% used [0x00000000e0c00000,0x00000000e0c00000,0x00000000e1180000)
 ParOldGen       total 258560K, used 182885K [0x0000000084e00000, 0x0000000094a80000, 0x00000000d6f80000)
  object space 258560K, 70% used [0x0000000084e00000,0x00000000900994c0,0x0000000094a80000)
 Metaspace       used 14652K, capacity 14862K, committed 14976K, reserved 1062912K
  class space    used 1813K, capacity 1901K, committed 1920K, reserved 1048576K
}
Event: 6,497 GC heap before
{Heap before GC invocations=12 (full 5):
 PSYoungGen      total 111616K, used 260K [0x00000000d6f80000, 0x00000000e1180000, 0x0000000100000000)
  eden space 105472K, 0% used [0x00000000d6f80000,0x00000000d6f80000,0x00000000dd680000)
  from space 6144K, 4% used [0x00000000dd680000,0x00000000dd6c1100,0x00000000ddc80000)
  to   space 5632K, 0% used [0x00000000e0c00000,0x00000000e0c00000,0x00000000e1180000)
 ParOldGen       total 258560K, used 182885K [0x0000000084e00000, 0x0000000094a80000, 0x00000000d6f80000)
  object space 258560K, 70% used [0x0000000084e00000,0x00000000900994c0,0x0000000094a80000)
 Metaspace       used 14652K, capacity 14862K, committed 14976K, reserved 1062912K
  class space    used 1813K, capacity 1901K, committed 1920K, reserved 1048576K
Event: 6,535 GC heap after
Heap after GC invocations=12 (full 5):
 PSYoungGen      total 111616K, used 0K [0x00000000d6f80000, 0x00000000e1180000, 0x0000000100000000)
  eden space 105472K, 0% used [0x00000000d6f80000,0x00000000d6f80000,0x00000000dd680000)
  from space 6144K, 0% used [0x00000000dd680000,0x00000000dd680000,0x00000000ddc80000)
  to   space 5632K, 0% used [0x00000000e0c00000,0x00000000e0c00000,0x00000000e1180000)
 ParOldGen       total 320512K, used 159127K [0x0000000084e00000, 0x0000000098700000, 0x00000000d6f80000)
  object space 320512K, 49% used [0x0000000084e00000,0x000000008e965e80,0x0000000098700000)
 Metaspace       used 14652K, capacity 14862K, committed 14976K, reserved 1062912K
  class space    used 1813K, capacity 1901K, committed 1920K, reserved 1048576K
}
Event: 7,019 GC heap before
{Heap before GC invocations=13 (full 5):
 PSYoungGen      total 111616K, used 105472K [0x00000000d6f80000, 0x00000000e1180000, 0x0000000100000000)
  eden space 105472K, 100% used [0x00000000d6f80000,0x00000000dd680000,0x00000000dd680000)
  from space 6144K, 0% used [0x00000000dd680000,0x00000000dd680000,0x00000000ddc80000)
  to   space 5632K, 0% used [0x00000000e0c00000,0x00000000e0c00000,0x00000000e1180000)
 ParOldGen       total 320512K, used 173958K [0x0000000084e00000, 0x0000000098700000, 0x00000000d6f80000)
  object space 320512K, 54% used [0x0000000084e00000,0x000000008f7e1b40,0x0000000098700000)
 Metaspace       used 14741K, capacity 14990K, committed 15232K, reserved 1062912K
  class space    used 1826K, capacity 1901K, committed 1920K, reserved 1048576K
Event: 7,116 GC heap after
Heap after GC invocations=13 (full 5):
 PSYoungGen      total 159232K, used 4354K [0x00000000d6f80000, 0x00000000e2380000, 0x0000000100000000)
  eden space 153600K, 0% used [0x00000000d6f80000,0x00000000d6f80000,0x00000000e0580000)
  from space 5632K, 77% used [0x00000000e0c00000,0x00000000e1040810,0x00000000e1180000)
  to   space 6656K, 0% used [0x00000000e0580000,0x00000000e0580000,0x00000000e0c00000)
 ParOldGen       total 320512K, used 226656K [0x0000000084e00000, 0x0000000098700000, 0x00000000d6f80000)
  object space 320512K, 70% used [0x0000000084e00000,0x0000000092b583b0,0x0000000098700000)
 Metaspace       used 14741K, capacity 14990K, committed 15232K, reserved 1062912K
  class space    used 1826K, capacity 1901K, committed 1920K, reserved 1048576K
}

