# JRE version: Java(TM) SE Runtime Environment (8.0_111-b14) (build 1.8.0_111-b14)
# Java VM: Java HotSpot(TM) 64-Bit Server VM (25.111-b14 mixed mode linux-amd64 compressed oops)
Heap:
 PSYoungGen      total 301056K, used 3488K [0x00000000d6f80000, 0x00000000e9a00000, 0x0000000100000000)
  eden space 296448K, 0% used [0x00000000d6f80000,0x00000000d6f80000,0x00000000e9100000)
  from space 4608K, 75% used [0x00000000e9100000,0x00000000e9468010,0x00000000e9580000)
  to   space 3072K, 0% used [0x00000000e9700000,0x00000000e9700000,0x00000000e9a00000)
 ParOldGen       total 1345024K, used 1172466K [0x0000000084e00000, 0x00000000d6f80000, 0x00000000d6f80000)
  object space 1345024K, 87% used [0x0000000084e00000,0x00000000cc6fcaa0,0x00000000d6f80000)
 Metaspace       used 14946K, capacity 15172K, committed 15616K, reserved 1062912K
  class space    used 1841K, capacity 1934K, committed 2048K, reserved 1048576K
GC Heap History (10 events):
Event: 4,843 GC heap after
Heap after GC invocations=14 (full 4):
 PSYoungGen      total 151552K, used 259K [0x00000000d6f80000, 0x00000000e0e80000, 0x0000000100000000)
  eden space 145920K, 0% used [0x00000000d6f80000,0x00000000d6f80000,0x00000000dfe00000)
  from space 5632K, 4% used [0x00000000e0300000,0x00000000e0340cd0,0x00000000e0880000)
  to   space 5120K, 0% used [0x00000000dfe00000,0x00000000dfe00000,0x00000000e0300000)
 ParOldGen       total 1345024K, used 317722K [0x0000000084e00000, 0x00000000d6f80000, 0x00000000d6f80000)
  object space 1345024K, 23% used [0x0000000084e00000,0x00000000984469d8,0x00000000d6f80000)
 Metaspace       used 14564K, capacity 14788K, committed 14976K, reserved 1062912K
  class space    used 1805K, capacity 1870K, committed 1920K, reserved 1048576K
}
Event: 4,844 GC heap before
{Heap before GC invocations=15 (full 4):
 PSYoungGen      total 151552K, used 1097K [0x00000000d6f80000, 0x00000000e0e80000, 0x0000000100000000)
  eden space 145920K, 0% used [0x00000000d6f80000,0x00000000d7051738,0x00000000dfe00000)
  from space 5632K, 4% used [0x00000000e0300000,0x00000000e0340cd0,0x00000000e0880000)
  to   space 5120K, 0% used [0x00000000dfe00000,0x00000000dfe00000,0x00000000e0300000)
 ParOldGen       total 1345024K, used 317722K [0x0000000084e00000, 0x00000000d6f80000, 0x00000000d6f80000)
  object space 1345024K, 23% used [0x0000000084e00000,0x00000000984469d8,0x00000000d6f80000)
 Metaspace       used 14564K, capacity 14788K, committed 14976K, reserved 1062912K
  class space    used 1805K, capacity 1870K, committed 1920K, reserved 1048576K
Event: 4,847 GC heap after
Heap after GC invocations=15 (full 4):
 PSYoungGen      total 151040K, used 227K [0x00000000d6f80000, 0x00000000e4600000, 0x0000000100000000)
  eden space 145920K, 0% used [0x00000000d6f80000,0x00000000d6f80000,0x00000000dfe00000)
  from space 5120K, 4% used [0x00000000dfe00000,0x00000000dfe38cd0,0x00000000e0300000)
  to   space 5120K, 0% used [0x00000000e4100000,0x00000000e4100000,0x00000000e4600000)
 ParOldGen       total 1345024K, used 317722K [0x0000000084e00000, 0x00000000d6f80000, 0x00000000d6f80000)
  object space 1345024K, 23% used [0x0000000084e00000,0x00000000984469d8,0x00000000d6f80000)
 Metaspace       used 14564K, capacity 14788K, committed 14976K, reserved 1062912K
  class space    used 1805K, capacity 1870K, committed 1920K, reserved 1048576K
}
Event: 5,229 GC heap before
{Heap before GC invocations=16 (full 4):
 PSYoungGen      total 151040K, used 146147K [0x00000000d6f80000, 0x00000000e4600000, 0x0000000100000000)
  eden space 145920K, 100% used [0x00000000d6f80000,0x00000000dfe00000,0x00000000dfe00000)
  from space 5120K, 4% used [0x00000000dfe00000,0x00000000dfe38cd0,0x00000000e0300000)
  to   space 5120K, 0% used [0x00000000e4100000,0x00000000e4100000,0x00000000e4600000)
 ParOldGen       total 1345024K, used 362342K [0x0000000084e00000, 0x00000000d6f80000, 0x00000000d6f80000)
  object space 1345024K, 26% used [0x0000000084e00000,0x000000009afd9b38,0x00000000d6f80000)
 Metaspace       used 14595K, capacity 14820K, committed 14976K, reserved 1062912K
  class space    used 1807K, capacity 1902K, committed 1920K, reserved 1048576K
Event: 5,269 GC heap after
Heap after GC invocations=16 (full 4):
 PSYoungGen      total 207360K, used 224K [0x00000000d6f80000, 0x00000000e4280000, 0x0000000100000000)
  eden space 205824K, 0% used [0x00000000d6f80000,0x00000000d6f80000,0x00000000e3880000)
  from space 1536K, 14% used [0x00000000e4100000,0x00000000e4138000,0x00000000e4280000)
  to   space 5120K, 0% used [0x00000000e3880000,0x00000000e3880000,0x00000000e3d80000)
 ParOldGen       total 1345024K, used 466292K [0x0000000084e00000, 0x00000000d6f80000, 0x00000000d6f80000)
  object space 1345024K, 34% used [0x0000000084e00000,0x00000000a155d3d8,0x00000000d6f80000)
 Metaspace       used 14595K, capacity 14820K, committed 14976K, reserved 1062912K
  class space    used 1807K, capacity 1902K, committed 1920K, reserved 1048576K
}
Event: 5,613 GC heap before
{Heap before GC invocations=17 (full 4):
 PSYoungGen      total 207360K, used 206048K [0x00000000d6f80000, 0x00000000e4280000, 0x0000000100000000)
  eden space 205824K, 100% used [0x00000000d6f80000,0x00000000e3880000,0x00000000e3880000)
  from space 1536K, 14% used [0x00000000e4100000,0x00000000e4138000,0x00000000e4280000)
  to   space 5120K, 0% used [0x00000000e3880000,0x00000000e3880000,0x00000000e3d80000)
 ParOldGen       total 1345024K, used 466961K [0x0000000084e00000, 0x00000000d6f80000, 0x00000000d6f80000)
  object space 1345024K, 34% used [0x0000000084e00000,0x00000000a16045c8,0x00000000d6f80000)
 Metaspace       used 14611K, capacity 14884K, committed 15232K, reserved 1062912K
  class space    used 1807K, capacity 1902K, committed 1920K, reserved 1048576K
Event: 6,302 GC heap after
Heap after GC invocations=17 (full 4):
 PSYoungGen      total 210944K, used 224K [0x00000000d6f80000, 0x00000000e9c00000, 0x0000000100000000)
  eden space 205824K, 0% used [0x00000000d6f80000,0x00000000d6f80000,0x00000000e3880000)
  from space 5120K, 4% used [0x00000000e3880000,0x00000000e38b8000,0x00000000e3d80000)
  to   space 5120K, 0% used [0x00000000e9700000,0x00000000e9700000,0x00000000e9c00000)
 ParOldGen       total 1345024K, used 706088K [0x0000000084e00000, 0x00000000d6f80000, 0x00000000d6f80000)
  object space 1345024K, 52% used [0x0000000084e00000,0x00000000aff8a148,0x00000000d6f80000)
 Metaspace       used 14611K, capacity 14884K, committed 15232K, reserved 1062912K
  class space    used 1807K, capacity 1902K, committed 1920K, reserved 1048576K
}
Event: 6,736 GC heap before
{Heap before GC invocations=18 (full 4):
 PSYoungGen      total 210944K, used 202310K [0x00000000d6f80000, 0x00000000e9c00000, 0x0000000100000000)
  eden space 205824K, 98% used [0x00000000d6f80000,0x00000000e34d9960,0x00000000e3880000)
  from space 5120K, 4% used [0x00000000e3880000,0x00000000e38b8000,0x00000000e3d80000)
  to   space 5120K, 0% used [0x00000000e9700000,0x00000000e9700000,0x00000000e9c00000)
 ParOldGen       total 1345024K, used 714188K [0x0000000084e00000, 0x00000000d6f80000, 0x00000000d6f80000)
  object space 1345024K, 53% used [0x0000000084e00000,0x00000000b0773158,0x00000000d6f80000)
 Metaspace       used 14938K, capacity 15172K, committed 15616K, reserved 1062912K
  class space    used 1841K, capacity 1934K, committed 2048K, reserved 1048576K
Event: 6,961 GC heap after
Heap after GC invocations=18 (full 4):
 PSYoungGen      total 299520K, used 384K [0x00000000d6f80000, 0x00000000e9a00000, 0x0000000100000000)
  eden space 296448K, 0% used [0x00000000d6f80000,0x00000000d6f80000,0x00000000e9100000)
  from space 3072K, 12% used [0x00000000e9700000,0x00000000e9760000,0x00000000e9a00000)
  to   space 4608K, 0% used [0x00000000e9100000,0x00000000e9100000,0x00000000e9580000)
 ParOldGen       total 1345024K, used 867956K [0x0000000084e00000, 0x00000000d6f80000, 0x00000000d6f80000)
  object space 1345024K, 64% used [0x0000000084e00000,0x00000000b9d9d0f0,0x00000000d6f80000)
 Metaspace       used 14938K, capacity 15172K, committed 15616K, reserved 1062912K
  class space    used 1841K, capacity 1934K, committed 2048K, reserved 1048576K
}
Event: 7,578 GC heap before
{Heap before GC invocations=19 (full 4):
 PSYoungGen      total 299520K, used 296832K [0x00000000d6f80000, 0x00000000e9a00000, 0x0000000100000000)
  eden space 296448K, 100% used [0x00000000d6f80000,0x00000000e9100000,0x00000000e9100000)
  from space 3072K, 12% used [0x00000000e9700000,0x00000000e9760000,0x00000000e9a00000)
  to   space 4608K, 0% used [0x00000000e9100000,0x00000000e9100000,0x00000000e9580000)
 ParOldGen       total 1345024K, used 945901K [0x0000000084e00000, 0x00000000d6f80000, 0x00000000d6f80000)
  object space 1345024K, 70% used [0x0000000084e00000,0x00000000be9bb710,0x00000000d6f80000)
 Metaspace       used 14946K, capacity 15172K, committed 15616K, reserved 1062912K
  class space    used 1841K, capacity 1934K, committed 2048K, reserved 1048576K

