# JRE version: Java(TM) SE Runtime Environment (8.0_111-b14) (build 1.8.0_111-b14)
# Java VM: Java HotSpot(TM) 64-Bit Server VM (25.111-b14 mixed mode linux-amd64 compressed oops)
Heap:
 PSYoungGen      total 229888K, used 12553K [0x00000000d6f80000, 0x00000000f0000000, 0x0000000100000000)
  eden space 189952K, 6% used [0x00000000d6f80000,0x00000000d7bc2650,0x00000000e2900000)
  from space 39936K, 0% used [0x00000000e2900000,0x00000000e2900000,0x00000000e5000000)
  to   space 78336K, 0% used [0x00000000eb380000,0x00000000eb380000,0x00000000f0000000)
 ParOldGen       total 363520K, used 210197K [0x0000000084e00000, 0x000000009b100000, 0x00000000d6f80000)
  object space 363520K, 57% used [0x0000000084e00000,0x0000000091b456a0,0x000000009b100000)
 Metaspace       used 14932K, capacity 15150K, committed 15488K, reserved 1062912K
  class space    used 1813K, capacity 1901K, committed 1920K, reserved 1048576K
GC Heap History (10 events):
Event: 21,065 GC heap before
{Heap before GC invocations=9 (full 2):
 PSYoungGen      total 131584K, used 27628K [0x00000000d6f80000, 0x00000000e7100000, 0x0000000100000000)
  eden space 103936K, 0% used [0x00000000d6f80000,0x00000000d6f80000,0x00000000dd500000)
  from space 27648K, 99% used [0x00000000dd500000,0x00000000deffb230,0x00000000df000000)
  to   space 33792K, 0% used [0x00000000e5000000,0x00000000e5000000,0x00000000e7100000)
 ParOldGen       total 102912K, used 96398K [0x0000000084e00000, 0x000000008b280000, 0x00000000d6f80000)
  object space 102912K, 93% used [0x0000000084e00000,0x000000008ac23a80,0x000000008b280000)
 Metaspace       used 14895K, capacity 15142K, committed 15488K, reserved 1062912K
  class space    used 1813K, capacity 1901K, committed 1920K, reserved 1048576K
Event: 21,106 GC heap after
Heap after GC invocations=9 (full 2):
 PSYoungGen      total 131584K, used 0K [0x00000000d6f80000, 0x00000000e7100000, 0x0000000100000000)
  eden space 103936K, 0% used [0x00000000d6f80000,0x00000000d6f80000,0x00000000dd500000)
  from space 27648K, 0% used [0x00000000dd500000,0x00000000dd500000,0x00000000df000000)
  to   space 33792K, 0% used [0x00000000e5000000,0x00000000e5000000,0x00000000e7100000)
 ParOldGen       total 158208K, used 63431K [0x0000000084e00000, 0x000000008e880000, 0x00000000d6f80000)
  object space 158208K, 40% used [0x0000000084e00000,0x0000000088bf1ff8,0x000000008e880000)
 Metaspace       used 14895K, capacity 15142K, committed 15488K, reserved 1062912K
  class space    used 1813K, capacity 1901K, committed 1920K, reserved 1048576K
}
Event: 21,294 GC heap before
{Heap before GC invocations=10 (full 2):
 PSYoungGen      total 131584K, used 101571K [0x00000000d6f80000, 0x00000000e7100000, 0x0000000100000000)
  eden space 103936K, 97% used [0x00000000d6f80000,0x00000000dd2b0c18,0x00000000dd500000)
  from space 27648K, 0% used [0x00000000dd500000,0x00000000dd500000,0x00000000df000000)
  to   space 33792K, 0% used [0x00000000e5000000,0x00000000e5000000,0x00000000e7100000)
 ParOldGen       total 158208K, used 71532K [0x0000000084e00000, 0x000000008e880000, 0x00000000d6f80000)
  object space 158208K, 45% used [0x0000000084e00000,0x00000000893db008,0x000000008e880000)
 Metaspace       used 14917K, capacity 15150K, committed 15488K, reserved 1062912K
  class space    used 1813K, capacity 1901K, committed 1920K, reserved 1048576K
Event: 21,314 GC heap after
Heap after GC invocations=10 (full 2):
 PSYoungGen      total 223744K, used 33488K [0x00000000d6f80000, 0x00000000e8080000, 0x0000000100000000)
  eden space 189952K, 0% used [0x00000000d6f80000,0x00000000d6f80000,0x00000000e2900000)
  from space 33792K, 99% used [0x00000000e5000000,0x00000000e70b4040,0x00000000e7100000)
  to   space 39936K, 0% used [0x00000000e2900000,0x00000000e2900000,0x00000000e5000000)
 ParOldGen       total 158208K, used 109040K [0x0000000084e00000, 0x000000008e880000, 0x00000000d6f80000)
  object space 158208K, 68% used [0x0000000084e00000,0x000000008b87c048,0x000000008e880000)
 Metaspace       used 14917K, capacity 15150K, committed 15488K, reserved 1062912K
  class space    used 1813K, capacity 1901K, committed 1920K, reserved 1048576K
}
Event: 21,314 GC heap before
{Heap before GC invocations=11 (full 3):
 PSYoungGen      total 223744K, used 33488K [0x00000000d6f80000, 0x00000000e8080000, 0x0000000100000000)
  eden space 189952K, 0% used [0x00000000d6f80000,0x00000000d6f80000,0x00000000e2900000)
  from space 33792K, 99% used [0x00000000e5000000,0x00000000e70b4040,0x00000000e7100000)
  to   space 39936K, 0% used [0x00000000e2900000,0x00000000e2900000,0x00000000e5000000)
 ParOldGen       total 158208K, used 109040K [0x0000000084e00000, 0x000000008e880000, 0x00000000d6f80000)
  object space 158208K, 68% used [0x0000000084e00000,0x000000008b87c048,0x000000008e880000)
 Metaspace       used 14917K, capacity 15150K, committed 15488K, reserved 1062912K
  class space    used 1813K, capacity 1901K, committed 1920K, reserved 1048576K
Event: 21,405 GC heap after
Heap after GC invocations=11 (full 3):
 PSYoungGen      total 223744K, used 0K [0x00000000d6f80000, 0x00000000e8080000, 0x0000000100000000)
  eden space 189952K, 0% used [0x00000000d6f80000,0x00000000d6f80000,0x00000000e2900000)
  from space 33792K, 0% used [0x00000000e5000000,0x00000000e5000000,0x00000000e7100000)
  to   space 39936K, 0% used [0x00000000e2900000,0x00000000e2900000,0x00000000e5000000)
 ParOldGen       total 237568K, used 119446K [0x0000000084e00000, 0x0000000093600000, 0x00000000d6f80000)
  object space 237568K, 50% used [0x0000000084e00000,0x000000008c2a5b28,0x0000000093600000)
 Metaspace       used 14917K, capacity 15150K, committed 15488K, reserved 1062912K
  class space    used 1813K, capacity 1901K, committed 1920K, reserved 1048576K
}
Event: 22,013 GC heap before
{Heap before GC invocations=12 (full 3):
 PSYoungGen      total 223744K, used 189952K [0x00000000d6f80000, 0x00000000e8080000, 0x0000000100000000)
  eden space 189952K, 100% used [0x00000000d6f80000,0x00000000e2900000,0x00000000e2900000)
  from space 33792K, 0% used [0x00000000e5000000,0x00000000e5000000,0x00000000e7100000)
  to   space 39936K, 0% used [0x00000000e2900000,0x00000000e2900000,0x00000000e5000000)
 ParOldGen       total 237568K, used 133852K [0x0000000084e00000, 0x0000000093600000, 0x00000000d6f80000)
  object space 237568K, 56% used [0x0000000084e00000,0x000000008d0b7070,0x0000000093600000)
 Metaspace       used 14932K, capacity 15150K, committed 15488K, reserved 1062912K
  class space    used 1813K, capacity 1901K, committed 1920K, reserved 1048576K
Event: 22,408 GC heap after
Heap after GC invocations=12 (full 3):
 PSYoungGen      total 229888K, used 39924K [0x00000000d6f80000, 0x00000000f0000000, 0x0000000100000000)
  eden space 189952K, 0% used [0x00000000d6f80000,0x00000000d6f80000,0x00000000e2900000)
  from space 39936K, 99% used [0x00000000e2900000,0x00000000e4ffd320,0x00000000e5000000)
  to   space 78336K, 0% used [0x00000000eb380000,0x00000000eb380000,0x00000000f0000000)
 ParOldGen       total 237568K, used 210454K [0x0000000084e00000, 0x0000000093600000, 0x00000000d6f80000)
  object space 237568K, 88% used [0x0000000084e00000,0x0000000091b85900,0x0000000093600000)
 Metaspace       used 14932K, capacity 15150K, committed 15488K, reserved 1062912K
  class space    used 1813K, capacity 1901K, committed 1920K, reserved 1048576K
}
Event: 22,408 GC heap before
{Heap before GC invocations=13 (full 4):
 PSYoungGen      total 229888K, used 39924K [0x00000000d6f80000, 0x00000000f0000000, 0x0000000100000000)
  eden space 189952K, 0% used [0x00000000d6f80000,0x00000000d6f80000,0x00000000e2900000)
  from space 39936K, 99% used [0x00000000e2900000,0x00000000e4ffd320,0x00000000e5000000)
  to   space 78336K, 0% used [0x00000000eb380000,0x00000000eb380000,0x00000000f0000000)
 ParOldGen       total 237568K, used 210454K [0x0000000084e00000, 0x0000000093600000, 0x00000000d6f80000)
  object space 237568K, 88% used [0x0000000084e00000,0x0000000091b85900,0x0000000093600000)
 Metaspace       used 14932K, capacity 15150K, committed 15488K, reserved 1062912K
  class space    used 1813K, capacity 1901K, committed 1920K, reserved 1048576K
Event: 22,477 GC heap after
Heap after GC invocations=13 (full 4):
 PSYoungGen      total 229888K, used 0K [0x00000000d6f80000, 0x00000000f0000000, 0x0000000100000000)
  eden space 189952K, 0% used [0x00000000d6f80000,0x00000000d6f80000,0x00000000e2900000)
  from space 39936K, 0% used [0x00000000e2900000,0x00000000e2900000,0x00000000e5000000)
  to   space 78336K, 0% used [0x00000000eb380000,0x00000000eb380000,0x00000000f0000000)
 ParOldGen       total 363520K, used 210197K [0x0000000084e00000, 0x000000009b100000, 0x00000000d6f80000)
  object space 363520K, 57% used [0x0000000084e00000,0x0000000091b456a0,0x000000009b100000)
 Metaspace       used 14932K, capacity 15150K, committed 15488K, reserved 1062912K
  class space    used 1813K, capacity 1901K, committed 1920K, reserved 1048576K
}

